Using pre-set license
Built from '2021.1/staging' branch; Version is '2021.1.20f1 (be552157821d) revision 12473633'; Using compiler version '192528614'; Build Type 'Release'
OS: 'Windows 10 Home; OS build 19043.1415; Version 2009; 64bit' Language: 'en' Physical Memory: 8112 MB
BatchMode: 1, IsHumanControllingUs: 0, StartBugReporterOnCrash: 0, Is64bit: 1, IsPro: 0

COMMAND LINE ARGUMENTS:
D:\MyGame\2021.1.20f1\Editor\Unity.exe
-adb2
-batchMode
-noUpm
-name
AssetImportWorker1
-projectPath
D:/Projects of My Games/ArenaGame
-logFile
Logs/AssetImportWorker1.log
-srvPort
1072
Successfully changed project path to: D:/Projects of My Games/ArenaGame
D:/Projects of My Games/ArenaGame
Using Asset Import Pipeline V2.
Refreshing native plugins compatible for Editor in 249.91 ms, found 4 plugins.
Preloading 0 native plugins for Editor in 0.00 ms.
Initialize engine version: 2021.1.20f1 (be552157821d)
[Subsystems] Discovering subsystems at path D:/MyGame/2021.1.20f1/Editor/Data/Resources/UnitySubsystems
[Subsystems] Discovering subsystems at path D:/Projects of My Games/ArenaGame/Assets
GfxDevice: creating device client; threaded=0; jobified=0
Direct3D:
    Version:  Direct3D 11.0 [level 11.1]
    Renderer: NVIDIA GeForce GTX 1050 (ID=0x1c8d)
    Vendor:   NVIDIA
    VRAM:     1979 MB
    Driver:   30.0.14.7141
Initialize mono
Mono path[0] = 'D:/MyGame/2021.1.20f1/Editor/Data/Managed'
Mono path[1] = 'D:/MyGame/2021.1.20f1/Editor/Data/MonoBleedingEdge/lib/mono/unityjit'
Mono config path = 'D:/MyGame/2021.1.20f1/Editor/Data/MonoBleedingEdge/etc'
Using monoOptions --debugger-agent=transport=dt_socket,embedding=1,server=y,suspend=n,address=127.0.0.1:56480
Begin MonoManager ReloadAssembly
Registering precompiled unity dll's ...
Register platform support module: D:/MyGame/2021.1.20f1/Editor/Data/PlaybackEngines/WindowsStandaloneSupport/UnityEditor.WindowsStandalone.Extensions.dll
Registered in 0.135183 seconds.
Native extension for WindowsStandalone target not found
Refreshing native plugins compatible for Editor in 120.35 ms, found 4 plugins.
Preloading 0 native plugins for Editor in 0.00 ms.
Mono: successfully reloaded assembly
- Completed reload, in  6.256 seconds
Domain Reload Profiling:
	ReloadAssembly (6256ms)
		BeginReloadAssembly (2885ms)
			ExecutionOrderSort (0ms)
			DisableScriptedObjects (0ms)
			BackupInstance (0ms)
			ReleaseScriptingObjects (0ms)
			CreateAndSetChildDomain (1ms)
		EndReloadAssembly (931ms)
			LoadAssemblies (2885ms)
			RebuildTransferFunctionScriptingTraits (0ms)
			SetupTypeCache (527ms)
			ReleaseScriptCaches (0ms)
			RebuildScriptCaches (40ms)
			SetupLoadedEditorAssemblies (313ms)
				LogAssemblyErrors (0ms)
				InitializePlatformSupportModulesInManaged (7ms)
				SetLoadedEditorAssemblies (0ms)
				RefreshPlugins (120ms)
				BeforeProcessingInitializeOnLoad (2ms)
				ProcessInitializeOnLoadAttributes (138ms)
				ProcessInitializeOnLoadMethodAttributes (46ms)
				AfterProcessingInitializeOnLoad (0ms)
				EditorAssembliesLoaded (0ms)
			ExecutionOrderSort2 (0ms)
			AwakeInstancesAfterBackupRestoration (0ms)
Platform modules already initialized, skipping
Registering precompiled user dll's ...
Registered in 0.718531 seconds.
Begin MonoManager ReloadAssembly
Symbol file LoadedFromMemory doesn't match image D:\Projects of My Games\ArenaGame\Library\PackageCache\com.unity.visualscripting@1.6.1\Editor\VisualScripting.Core\Dependencies\YamlDotNet\Unity.VisualScripting.YamlDotNet.dll
Symbol file LoadedFromMemory doesn't match image D:\Projects of My Games\ArenaGame\Library\PackageCache\com.unity.visualscripting@1.6.1\Editor\VisualScripting.Core\Dependencies\DotNetZip\Unity.VisualScripting.IonicZip.dll
Native extension for WindowsStandalone target not found
Refreshing native plugins compatible for Editor in 122.30 ms, found 4 plugins.
Preloading 0 native plugins for Editor in 0.00 ms.
Mono: successfully reloaded assembly
- Completed reload, in  6.042 seconds
Domain Reload Profiling:
	ReloadAssembly (6042ms)
		BeginReloadAssembly (221ms)
			ExecutionOrderSort (0ms)
			DisableScriptedObjects (5ms)
			BackupInstance (0ms)
			ReleaseScriptingObjects (0ms)
			CreateAndSetChildDomain (29ms)
		EndReloadAssembly (5753ms)
			LoadAssemblies (3710ms)
			RebuildTransferFunctionScriptingTraits (0ms)
			SetupTypeCache (1118ms)
			ReleaseScriptCaches (1ms)
			RebuildScriptCaches (85ms)
			SetupLoadedEditorAssemblies (750ms)
				LogAssemblyErrors (0ms)
				InitializePlatformSupportModulesInManaged (5ms)
				SetLoadedEditorAssemblies (0ms)
				RefreshPlugins (122ms)
				BeforeProcessingInitializeOnLoad (106ms)
				ProcessInitializeOnLoadAttributes (488ms)
				ProcessInitializeOnLoadMethodAttributes (23ms)
				AfterProcessingInitializeOnLoad (4ms)
				EditorAssembliesLoaded (0ms)
			ExecutionOrderSort2 (0ms)
			AwakeInstancesAfterBackupRestoration (9ms)
Platform modules already initialized, skipping
========================================================================
Worker process is ready to serve import requests
Launched and connected shader compiler UnityShaderCompiler.exe after 0.19 seconds
Refreshing native plugins compatible for Editor in 0.97 ms, found 4 plugins.
Preloading 0 native plugins for Editor in 0.00 ms.
Unloading 3675 Unused Serialized files (Serialized files now loaded: 0)
System memory in use before: 136.2 MB.
System memory in use after: 136.4 MB.

Unloading 30 unused Assets to reduce memory usage. Loaded Objects now: 4125.
Total: 3.989100 ms (FindLiveObjects: 0.309400 ms CreateObjectMapping: 0.172700 ms MarkObjects: 3.388500 ms  DeleteObjects: 0.117200 ms)

AssetImportParameters requested are different than current active one (requested -> active):
  custom:framework-win-MediaFoundation: 216162199b28c13a410421893ffa2e32 -> 
  custom:video-decoder-ogg-theora: a1e56fd34408186e4bbccfd4996cb3dc -> 
  custom:container-muxer-webm: aa71ff27fc2769a1b78a27578f13a17b -> 
  custom:container-demuxer-webm: 4f35f7cbe854078d1ac9338744f61a02 -> 
  custom:container-demuxer-ogg: 62fdf1f143b41e24485cea50d1cbac27 -> 
  custom:video-encoder-webm-vp8: eb34c28f22e8b96e1ab97ce403110664 -> 
  custom:video-decoder-webm-vp8: 9c59270c3fd7afecdb556c50c9e8de78 -> 
  custom:audio-decoder-ogg-vorbis: bf7c407c2cedff20999df2af8eb42d56 -> 
  custom:audio-encoder-webm-vorbis: bf7c407c2cedff20999df2af8eb42d56 -> 
========================================================================
Received Import Request.
  path: Assets/Textures.png
  artifactKey: Guid(ecfdde9ac7513ca49a0aa74d562b521e) Importer(815301076,1909f56bfc062723c751e8b465ee728b)
Start importing Assets/Textures.png using Guid(ecfdde9ac7513ca49a0aa74d562b521e) Importer(815301076,1909f56bfc062723c751e8b465ee728b)  -> (artifact id: 'cf3c393913f680da72fe2fc3421317ec') in 0.253042 seconds 
========================================================================
Received Import Request.
  Time since last request: 83.029909 seconds.
  path: Assets/Textures.aseprite
  artifactKey: Guid(5c0a9affe5c3a704e8a9eb7382380e7d) Importer(815301076,1909f56bfc062723c751e8b465ee728b)
Start importing Assets/Textures.aseprite using Guid(5c0a9affe5c3a704e8a9eb7382380e7d) Importer(815301076,1909f56bfc062723c751e8b465ee728b)  -> (artifact id: '52bba59d93d9b638176edce0a8c1833f') in 0.008784 seconds 
========================================================================
Received Import Request.
  Time since last request: 83.846930 seconds.
  path: Assets/Textures.png
  artifactKey: Guid(ecfdde9ac7513ca49a0aa74d562b521e) Importer(815301076,1909f56bfc062723c751e8b465ee728b)
Start importing Assets/Textures.png using Guid(ecfdde9ac7513ca49a0aa74d562b521e) Importer(815301076,1909f56bfc062723c751e8b465ee728b)  -> (artifact id: '8555be13776c779a8ceb2fcdcf36df6a') in 0.042807 seconds 
========================================================================
Received Import Request.
  Time since last request: 818.435939 seconds.
  path: Assets/Textures.aseprite
  artifactKey: Guid(5c0a9affe5c3a704e8a9eb7382380e7d) Importer(815301076,1909f56bfc062723c751e8b465ee728b)
Start importing Assets/Textures.aseprite using Guid(5c0a9affe5c3a704e8a9eb7382380e7d) Importer(815301076,1909f56bfc062723c751e8b465ee728b)  -> (artifact id: '13bc1738cdbbc349ac87b04b732cc8cf') in 0.008242 seconds 
========================================================================
Received Import Request.
  Time since last request: 12.645965 seconds.
  path: Assets/Textures.png
  artifactKey: Guid(ecfdde9ac7513ca49a0aa74d562b521e) Importer(815301076,1909f56bfc062723c751e8b465ee728b)
Start importing Assets/Textures.png using Guid(ecfdde9ac7513ca49a0aa74d562b521e) Importer(815301076,1909f56bfc062723c751e8b465ee728b)  -> (artifact id: '399cd33d7275f0721adddb09d6685ac7') in 0.032159 seconds 
========================================================================
Received Import Request.
  Time since last request: 17.437386 seconds.
  path: Assets/Textures.png
  artifactKey: Guid(ecfdde9ac7513ca49a0aa74d562b521e) Importer(815301076,1909f56bfc062723c751e8b465ee728b)
Start importing Assets/Textures.png using Guid(ecfdde9ac7513ca49a0aa74d562b521e) Importer(815301076,1909f56bfc062723c751e8b465ee728b)  -> (artifact id: '604bb0a305e39d643b8a839a9ef9a5b6') in 0.020766 seconds 
========================================================================
Received Import Request.
  Time since last request: 74.328646 seconds.
  path: Assets
  artifactKey: Guid(00000000000000001000000000000000) Importer(815301076,1909f56bfc062723c751e8b465ee728b)
Start importing Assets using Guid(00000000000000001000000000000000) Importer(815301076,1909f56bfc062723c751e8b465ee728b)  -> (artifact id: '68a4034d3d715da871e781da702f0bc5') in 0.009061 seconds 
========================================================================
Received Import Request.
  Time since last request: 4.617605 seconds.
  path: Assets/Sprites
  artifactKey: Guid(313fd894ae95dc9439f0a0657584c714) Importer(815301076,1909f56bfc062723c751e8b465ee728b)
Start importing Assets/Sprites using Guid(313fd894ae95dc9439f0a0657584c714) Importer(815301076,1909f56bfc062723c751e8b465ee728b)  -> (artifact id: '2767e72e942558b7ff9ea69ec1dccf44') in 0.010983 seconds 
========================================================================
Received Import Request.
  Time since last request: 4.893687 seconds.
  path: Assets/Fonts
  artifactKey: Guid(54c4819b3f60bba409f56a12e739541b) Importer(815301076,1909f56bfc062723c751e8b465ee728b)
Start importing Assets/Fonts using Guid(54c4819b3f60bba409f56a12e739541b) Importer(815301076,1909f56bfc062723c751e8b465ee728b)  -> (artifact id: '5e65785bd422f857bb3454941707167d') in 0.011332 seconds 
========================================================================
Received Import Request.
  Time since last request: 32.427777 seconds.
  path: Assets/Fonts/dpcomic
  artifactKey: Guid(9a5333edb38d8e349ad81f7ba76437eb) Importer(815301076,1909f56bfc062723c751e8b465ee728b)
Start importing Assets/Fonts/dpcomic using Guid(9a5333edb38d8e349ad81f7ba76437eb) Importer(815301076,1909f56bfc062723c751e8b465ee728b)  -> (artifact id: '93db1a91e45ea59d4835ade07a07b43b') in 0.012175 seconds 
========================================================================
Received Import Request.
  Time since last request: 0.069667 seconds.
  path: Assets/Fonts/dpcomic/dpcomic.ttf
  artifactKey: Guid(f9850a1542e2d5a4a9c7bb70fb670689) Importer(815301076,1909f56bfc062723c751e8b465ee728b)
Start importing Assets/Fonts/dpcomic/dpcomic.ttf using Guid(f9850a1542e2d5a4a9c7bb70fb670689) Importer(815301076,1909f56bfc062723c751e8b465ee728b)  -> (artifact id: 'af204c1ed9e5c1ed4a103e565a88c9ec') in 0.074106 seconds 
========================================================================
Received Import Request.
  Time since last request: 14.087968 seconds.
  path: Assets/Fonts/dpcomic/dpcomic SDF.asset
  artifactKey: Guid(27ec8ff6ea67c1247bde5936fb42d212) Importer(815301076,1909f56bfc062723c751e8b465ee728b)
Start importing Assets/Fonts/dpcomic/dpcomic SDF.asset using Guid(27ec8ff6ea67c1247bde5936fb42d212) Importer(815301076,1909f56bfc062723c751e8b465ee728b) Shader 'TextMeshPro/Distance Field': fallback shader 'TextMeshPro/Mobile/Distance Field' not found
 -> (artifact id: '55361a0022590274fd5fca470af584f8') in 0.068334 seconds 
========================================================================
Received Import Request.
  Time since last request: 1.468318 seconds.
  path: Assets/Fonts/manaspace
  artifactKey: Guid(e84ea62ba82f08d49847b5854d04eacd) Importer(815301076,1909f56bfc062723c751e8b465ee728b)
Start importing Assets/Fonts/manaspace using Guid(e84ea62ba82f08d49847b5854d04eacd) Importer(815301076,1909f56bfc062723c751e8b465ee728b)  -> (artifact id: 'edae66fbb1e7da4515f47c6f81c25be4') in 0.007926 seconds 
========================================================================
Received Import Request.
  Time since last request: 0.000491 seconds.
  path: Assets/Fonts/manaspace/manaspc.ttf
  artifactKey: Guid(357f782777848ee438d48b31c94fa25a) Importer(815301076,1909f56bfc062723c751e8b465ee728b)
Start importing Assets/Fonts/manaspace/manaspc.ttf using Guid(357f782777848ee438d48b31c94fa25a) Importer(815301076,1909f56bfc062723c751e8b465ee728b)  -> (artifact id: 'b97cdfc95646910177558c1bd7f04df4') in 0.021384 seconds 
========================================================================
Received Import Request.
  Time since last request: 4.623683 seconds.
  path: Assets/Fonts/manaspace/manaspc SDF.asset
  artifactKey: Guid(8d88f0988f36b2a4aa8e2e9c9f714726) Importer(815301076,1909f56bfc062723c751e8b465ee728b)
Start importing Assets/Fonts/manaspace/manaspc SDF.asset using Guid(8d88f0988f36b2a4aa8e2e9c9f714726) Importer(815301076,1909f56bfc062723c751e8b465ee728b) Shader 'TextMeshPro/Distance Field': fallback shader 'TextMeshPro/Mobile/Distance Field' not found
 -> (artifact id: 'a4aa16105c67e64063c6f12d894f696b') in 0.034888 seconds 
========================================================================
Received Import Request.
  Time since last request: 0.873058 seconds.
  path: Assets/Fonts/november
  artifactKey: Guid(f2f555565cc96b54c94dc15e6f0900b9) Importer(815301076,1909f56bfc062723c751e8b465ee728b)
Start importing Assets/Fonts/november using Guid(f2f555565cc96b54c94dc15e6f0900b9) Importer(815301076,1909f56bfc062723c751e8b465ee728b)  -> (artifact id: 'b6fe37426860e857edf053b404dbabef') in 0.008426 seconds 
========================================================================
Received Import Request.
  Time since last request: 0.052132 seconds.
  path: Assets/Fonts/november/novem___.ttf
  artifactKey: Guid(87d0d35cab8b89b45806708ae3057d82) Importer(815301076,1909f56bfc062723c751e8b465ee728b)
Start importing Assets/Fonts/november/novem___.ttf using Guid(87d0d35cab8b89b45806708ae3057d82) Importer(815301076,1909f56bfc062723c751e8b465ee728b)  -> (artifact id: 'e4c2dd3b8d1dcfdb3c61f49151f4bd1a') in 0.016917 seconds 
========================================================================
Received Import Request.
  Time since last request: 4.675185 seconds.
  path: Assets/Fonts/november/novem___ SDF.asset
  artifactKey: Guid(8c85874c2e8b0754893ceac569174b3e) Importer(815301076,1909f56bfc062723c751e8b465ee728b)
Start importing Assets/Fonts/november/novem___ SDF.asset using Guid(8c85874c2e8b0754893ceac569174b3e) Importer(815301076,1909f56bfc062723c751e8b465ee728b) Shader 'TextMeshPro/Distance Field': fallback shader 'TextMeshPro/Mobile/Distance Field' not found
 -> (artifact id: '386fae2dadebe74acaddf91825143818') in 0.041687 seconds 
========================================================================
Received Import Request.
  Time since last request: 1.054552 seconds.
  path: Assets/Fonts/yoster-island
  artifactKey: Guid(e1f4a6971d7537c43b9adcd9c2572f6f) Importer(815301076,1909f56bfc062723c751e8b465ee728b)
Start importing Assets/Fonts/yoster-island using Guid(e1f4a6971d7537c43b9adcd9c2572f6f) Importer(815301076,1909f56bfc062723c751e8b465ee728b)  -> (artifact id: 'abc9282f48e4defa25d7c61184171061') in 0.007904 seconds 
========================================================================
Received Import Request.
  Time since last request: 0.000357 seconds.
  path: Assets/Fonts/yoster-island/yoster.ttf
  artifactKey: Guid(0381b5e01de767e4188bdd45a781e374) Importer(815301076,1909f56bfc062723c751e8b465ee728b)
Start importing Assets/Fonts/yoster-island/yoster.ttf using Guid(0381b5e01de767e4188bdd45a781e374) Importer(815301076,1909f56bfc062723c751e8b465ee728b)  -> (artifact id: 'ddd531ba442c68e5c88f7c0283b47e48') in 0.019475 seconds 
========================================================================
Received Import Request.
  Time since last request: 4.220532 seconds.
  path: Assets/Fonts/yoster-island/yoster SDF.asset
  artifactKey: Guid(cc055a6a9226d3f4dbbf5c6f71870f8b) Importer(815301076,1909f56bfc062723c751e8b465ee728b)
Start importing Assets/Fonts/yoster-island/yoster SDF.asset using Guid(cc055a6a9226d3f4dbbf5c6f71870f8b) Importer(815301076,1909f56bfc062723c751e8b465ee728b) Shader 'TextMeshPro/Distance Field': fallback shader 'TextMeshPro/Mobile/Distance Field' not found
 -> (artifact id: 'baad0831d49c9dd3cc4d6846705ae210') in 0.038013 seconds 
========================================================================
Received Import Request.
  Time since last request: 4.064451 seconds.
  path: Assets/TextMesh Pro/Resources/Fonts & Materials/LiberationSans SDF.asset
  artifactKey: Guid(8f586378b4e144a9851e7b34d9b748ee) Importer(815301076,1909f56bfc062723c751e8b465ee728b)
Start importing Assets/TextMesh Pro/Resources/Fonts & Materials/LiberationSans SDF.asset using Guid(8f586378b4e144a9851e7b34d9b748ee) Importer(815301076,1909f56bfc062723c751e8b465ee728b)  -> (artifact id: 'f1280cc7be10b532b2897fc8654f95d3') in 0.062786 seconds 
========================================================================
Received Import Request.
  Time since last request: 0.000406 seconds.
  path: Assets/TextMesh Pro/Resources/Fonts & Materials/LiberationSans SDF - Fallback.asset
  artifactKey: Guid(2e498d1c8094910479dc3e1b768306a4) Importer(815301076,1909f56bfc062723c751e8b465ee728b)
Start importing Assets/TextMesh Pro/Resources/Fonts & Materials/LiberationSans SDF - Fallback.asset using Guid(2e498d1c8094910479dc3e1b768306a4) Importer(815301076,1909f56bfc062723c751e8b465ee728b)  -> (artifact id: 'b8c2210586957436df79bf961aeff06e') in 0.027447 seconds 
========================================================================
Received Import Request.
  Time since last request: 18.946747 seconds.
  path: Assets/Fonts/yoster-island/yoster SDF.asset
  artifactKey: Guid(cc055a6a9226d3f4dbbf5c6f71870f8b) Importer(815301076,1909f56bfc062723c751e8b465ee728b)
Start importing Assets/Fonts/yoster-island/yoster SDF.asset using Guid(cc055a6a9226d3f4dbbf5c6f71870f8b) Importer(815301076,1909f56bfc062723c751e8b465ee728b) Shader 'TextMeshPro/Distance Field': fallback shader 'TextMeshPro/Mobile/Distance Field' not found
 -> (artifact id: '359fdebda5310075424de35b135ae835') in 0.033691 seconds 
========================================================================
Received Import Request.
  Time since last request: 15.010872 seconds.
  path: Assets/Fonts/dpcomic/dpcomic SDF.asset
  artifactKey: Guid(27ec8ff6ea67c1247bde5936fb42d212) Importer(815301076,1909f56bfc062723c751e8b465ee728b)
Start importing Assets/Fonts/dpcomic/dpcomic SDF.asset using Guid(27ec8ff6ea67c1247bde5936fb42d212) Importer(815301076,1909f56bfc062723c751e8b465ee728b) Shader 'TextMeshPro/Distance Field': fallback shader 'TextMeshPro/Mobile/Distance Field' not found
 -> (artifact id: '97edd73793e60761b3e51ef66ae47ed0') in 0.032923 seconds 
========================================================================
Received Import Request.
  Time since last request: 0.000425 seconds.
  path: Assets/Fonts/november/novem___ SDF.asset
  artifactKey: Guid(8c85874c2e8b0754893ceac569174b3e) Importer(815301076,1909f56bfc062723c751e8b465ee728b)
Start importing Assets/Fonts/november/novem___ SDF.asset using Guid(8c85874c2e8b0754893ceac569174b3e) Importer(815301076,1909f56bfc062723c751e8b465ee728b) Shader 'TextMeshPro/Distance Field': fallback shader 'TextMeshPro/Mobile/Distance Field' not found
 -> (artifact id: '05152b963f079944060ceea17cc9e350') in 0.031449 seconds 
========================================================================
Received Import Request.
  Time since last request: 0.000355 seconds.
  path: Assets/TextMesh Pro/Resources/Fonts & Materials/LiberationSans SDF - Fallback.asset
  artifactKey: Guid(2e498d1c8094910479dc3e1b768306a4) Importer(815301076,1909f56bfc062723c751e8b465ee728b)
Start importing Assets/TextMesh Pro/Resources/Fonts & Materials/LiberationSans SDF - Fallback.asset using Guid(2e498d1c8094910479dc3e1b768306a4) Importer(815301076,1909f56bfc062723c751e8b465ee728b)  -> (artifact id: '841331dfc06ba8dde38734b716596eb4') in 0.029379 seconds 
========================================================================
Received Import Request.
  Time since last request: 0.000336 seconds.
  path: Assets/Fonts/manaspace/manaspc SDF.asset
  artifactKey: Guid(8d88f0988f36b2a4aa8e2e9c9f714726) Importer(815301076,1909f56bfc062723c751e8b465ee728b)
Start importing Assets/Fonts/manaspace/manaspc SDF.asset using Guid(8d88f0988f36b2a4aa8e2e9c9f714726) Importer(815301076,1909f56bfc062723c751e8b465ee728b) Shader 'TextMeshPro/Distance Field': fallback shader 'TextMeshPro/Mobile/Distance Field' not found
 -> (artifact id: '54c7d6dbb57b6da46e7be47f997f431f') in 0.035839 seconds 
========================================================================
Received Import Request.
  Time since last request: 53.322444 seconds.
  path: Assets/Scenes
  artifactKey: Guid(131a6b21c8605f84396be9f6751fb6e3) Importer(815301076,1909f56bfc062723c751e8b465ee728b)
Start importing Assets/Scenes using Guid(131a6b21c8605f84396be9f6751fb6e3) Importer(815301076,1909f56bfc062723c751e8b465ee728b)  -> (artifact id: 'df75b7d1a31c5b4f73fd45661b403b04') in 0.007545 seconds 
========================================================================
Received Import Request.
  Time since last request: 2.593896 seconds.
  path: Assets/Scenes/SampleScene.unity
  artifactKey: Guid(2cda990e2423bbf4892e6590ba056729) Importer(815301076,1909f56bfc062723c751e8b465ee728b)
Start importing Assets/Scenes/SampleScene.unity using Guid(2cda990e2423bbf4892e6590ba056729) Importer(815301076,1909f56bfc062723c751e8b465ee728b)  -> (artifact id: '0fca05341926358291d003b7ea9e4b07') in 0.013051 seconds 
========================================================================
Received Import Request.
  Time since last request: 4.328170 seconds.
  path: Assets/Scenes/Level1.unity
  artifactKey: Guid(2cda990e2423bbf4892e6590ba056729) Importer(815301076,1909f56bfc062723c751e8b465ee728b)
Start importing Assets/Scenes/Level1.unity using Guid(2cda990e2423bbf4892e6590ba056729) Importer(815301076,1909f56bfc062723c751e8b465ee728b)  -> (artifact id: '6ed624513cbce42439c1406d99642bc9') in 0.007648 seconds 
========================================================================
Received Import Request.
  Time since last request: 8.853713 seconds.
  path: Assets/Scenes/MainMenu.unity
  artifactKey: Guid(dc173b9849bbec24eabae0353654df1d) Importer(815301076,1909f56bfc062723c751e8b465ee728b)
Start importing Assets/Scenes/MainMenu.unity using Guid(dc173b9849bbec24eabae0353654df1d) Importer(815301076,1909f56bfc062723c751e8b465ee728b)  -> (artifact id: '731e7614b3ecfcc91e70ccefe94dbad1') in 0.008079 seconds 
AssetImportWorkerClient::OnTransportError - code=2 error=End of file
